05-11-2021 21:38:42.044 [restartedMain] INFO  c.h.m.l.LearnSpringApplication.logStarting - Starting LearnSpringApplication using Java 15.0.2 on HungLe with PID 12204 (D:\Mobifone\Spring boot\learn-spring\project\target\classes started by hung2 in D:\Mobifone\Spring boot\learn-spring\project)
05-11-2021 21:38:42.060 [restartedMain] INFO  c.h.m.l.LearnSpringApplication.logStartupProfileInfo - No active profile set, falling back to default profiles: default
05-11-2021 21:38:42.122 [restartedMain] INFO  o.s.b.d.e.DevToolsPropertyDefaultsPostProcessor.logTo - Devtools property defaults active! Set 'spring.devtools.add-properties' to 'false' to disable
05-11-2021 21:38:42.122 [restartedMain] INFO  o.s.b.d.e.DevToolsPropertyDefaultsPostProcessor.logTo - For additional web related logging consider setting the 'logging.level.web' property to 'DEBUG'
05-11-2021 21:38:43.643 [restartedMain] INFO  o.s.d.r.c.RepositoryConfigurationDelegate.registerRepositoriesIn - Bootstrapping Spring Data JPA repositories in DEFAULT mode.
05-11-2021 21:38:43.737 [restartedMain] INFO  o.s.d.r.c.RepositoryConfigurationDelegate.registerRepositoriesIn - Finished Spring Data repository scanning in 86 ms. Found 2 JPA repository interfaces.
05-11-2021 21:38:44.517 [restartedMain] INFO  o.s.b.w.e.tomcat.TomcatWebServer.initialize - Tomcat initialized with port(s): 1103 (http)
05-11-2021 21:38:44.533 [restartedMain] INFO  o.a.coyote.http11.Http11NioProtocol.log - Initializing ProtocolHandler ["http-nio-1103"]
05-11-2021 21:38:44.533 [restartedMain] INFO  o.a.catalina.core.StandardService.log - Starting service [Tomcat]
05-11-2021 21:38:44.533 [restartedMain] INFO  o.a.catalina.core.StandardEngine.log - Starting Servlet engine: [Apache Tomcat/9.0.53]
05-11-2021 21:38:44.721 [restartedMain] INFO  o.a.c.c.C.[Tomcat].[localhost].[/].log - Initializing Spring embedded WebApplicationContext
05-11-2021 21:38:44.721 [restartedMain] INFO  o.s.b.w.s.c.ServletWebServerApplicationContext.prepareWebApplicationContext - Root WebApplicationContext: initialization completed in 2599 ms
05-11-2021 21:38:44.799 [restartedMain] INFO  com.zaxxer.hikari.HikariDataSource.getConnection - HikariPool-1 - Starting...
05-11-2021 21:38:45.674 [restartedMain] INFO  com.zaxxer.hikari.HikariDataSource.getConnection - HikariPool-1 - Start completed.
05-11-2021 21:38:45.689 [restartedMain] INFO  o.s.b.a.h.H2ConsoleAutoConfiguration.lambda$h2Console$0 - H2 console available at '/h2-console'. Database available at 'jdbc:mysql://localhost:3306/projectdb'
05-11-2021 21:38:45.914 [restartedMain] INFO  o.h.jpa.internal.util.LogHelper.logPersistenceUnitInformation - HHH000204: Processing PersistenceUnitInfo [name: default]
05-11-2021 21:38:45.961 [restartedMain] INFO  org.hibernate.Version.logVersion - HHH000412: Hibernate ORM core version 5.4.32.Final
05-11-2021 21:38:46.184 [restartedMain] INFO  o.h.annotations.common.Version.<clinit> - HCANN000001: Hibernate Commons Annotations {5.1.2.Final}
05-11-2021 21:38:46.309 [restartedMain] INFO  org.hibernate.dialect.Dialect.<init> - HHH000400: Using dialect: org.hibernate.dialect.MySQL5Dialect
05-11-2021 21:38:48.407 [restartedMain] INFO  o.h.e.t.j.p.i.JtaPlatformInitiator.initiateService - HHH000490: Using JtaPlatform implementation: [org.hibernate.engine.transaction.jta.platform.internal.NoJtaPlatform]
05-11-2021 21:38:48.422 [restartedMain] INFO  o.s.o.j.LocalContainerEntityManagerFactoryBean.buildNativeEntityManagerFactory - Initialized JPA EntityManagerFactory for persistence unit 'default'
05-11-2021 21:38:48.469 [restartedMain] WARN  o.s.b.a.o.j.JpaBaseConfiguration$JpaWebConfiguration.openEntityManagerInViewInterceptor - spring.jpa.open-in-view is enabled by default. Therefore, database queries may be performed during view rendering. Explicitly configure spring.jpa.open-in-view to disable this warning
05-11-2021 21:38:49.097 [restartedMain] INFO  o.s.b.a.s.s.UserDetailsServiceAutoConfiguration.getOrDeducePassword - 

Using generated security password: 7abad9cf-a2d2-4161-befb-7684b468d638

05-11-2021 21:38:49.207 [restartedMain] INFO  s.d.s.w.PropertySourcedRequestMappingHandlerMapping.initHandlerMethods - Mapped URL path [/v2/api-docs] onto method [springfox.documentation.swagger2.web.Swagger2Controller#getDocumentation(String, HttpServletRequest)]
05-11-2021 21:38:49.317 [restartedMain] INFO  o.s.s.web.DefaultSecurityFilterChain.<init> - Will secure any request with [org.springframework.security.web.context.request.async.WebAsyncManagerIntegrationFilter@14e3f13c, org.springframework.security.web.context.SecurityContextPersistenceFilter@71e3f263, org.springframework.security.web.header.HeaderWriterFilter@cab2522, org.springframework.web.filter.CorsFilter@42180121, org.springframework.security.web.authentication.logout.LogoutFilter@29697910, org.springframework.security.web.savedrequest.RequestCacheAwareFilter@4d35bc33, org.springframework.security.web.servletapi.SecurityContextHolderAwareRequestFilter@2f53a912, org.springframework.security.web.authentication.AnonymousAuthenticationFilter@295c8747, org.springframework.security.web.session.SessionManagementFilter@1f6d6aa6, org.springframework.security.web.access.ExceptionTranslationFilter@759570bc]
05-11-2021 21:38:49.426 [restartedMain] INFO  o.s.b.d.a.OptionalLiveReloadServer.startServer - LiveReload server is running on port 35729
05-11-2021 21:38:49.536 [restartedMain] INFO  o.a.coyote.http11.Http11NioProtocol.log - Starting ProtocolHandler ["http-nio-1103"]
05-11-2021 21:38:49.567 [restartedMain] INFO  o.s.b.w.e.tomcat.TomcatWebServer.start - Tomcat started on port(s): 1103 (http) with context path ''
05-11-2021 21:38:49.567 [restartedMain] INFO  s.d.s.w.p.DocumentationPluginsBootstrapper.start - Context refreshed
05-11-2021 21:38:49.582 [restartedMain] INFO  s.d.s.w.p.DocumentationPluginsBootstrapper.start - Found 1 custom documentation plugin(s)
05-11-2021 21:38:49.614 [restartedMain] INFO  s.d.s.w.s.ApiListingReferenceScanner.scan - Scanning for api listing references
05-11-2021 21:38:49.832 [restartedMain] INFO  c.h.m.l.LearnSpringApplication.logStarted - Started LearnSpringApplication in 9.94 seconds (JVM running for 12.139)
05-11-2021 21:40:55.423 [http-nio-1103-exec-1] INFO  o.a.c.c.C.[Tomcat].[localhost].[/].log - Initializing Spring DispatcherServlet 'dispatcherServlet'
05-11-2021 21:40:55.423 [http-nio-1103-exec-1] INFO  o.s.web.servlet.DispatcherServlet.initServletBean - Initializing Servlet 'dispatcherServlet'
05-11-2021 21:40:55.424 [http-nio-1103-exec-1] INFO  o.s.web.servlet.DispatcherServlet.initServletBean - Completed initialization in 1 ms
05-11-2021 21:52:48.481 [SpringApplicationShutdownHook] INFO  o.s.o.j.LocalContainerEntityManagerFactoryBean.destroy - Closing JPA EntityManagerFactory for persistence unit 'default'
05-11-2021 21:52:48.486 [SpringApplicationShutdownHook] INFO  com.zaxxer.hikari.HikariDataSource.close - HikariPool-1 - Shutdown initiated...
05-11-2021 21:52:48.501 [SpringApplicationShutdownHook] INFO  com.zaxxer.hikari.HikariDataSource.close - HikariPool-1 - Shutdown completed.
